2026-05-18 15:11:02,207 - INFO - Starting data ingestion [main.py:12]
2026-05-18 15:11:14,490 - ERROR - Data ingestion failed: Expecting value: line 1 column 1 (char 0) [main.py:18]
2026-05-18 15:11:51,674 - INFO - Starting data ingestion [main.py:13]
2026-05-18 15:11:53,099 - INFO - Data ingestion completed successfully. Fetched 198 records. [main.py:16]
2026-05-18 15:16:41,025 - INFO - Starting data ingestion [main.py:17]
2026-05-18 15:16:42,261 - INFO - Data ingestion completed successfully. Fetched 198 records. [main.py:20]
2026-05-18 15:16:42,263 - INFO - Feature extraction completed. Extracted 186 valid records [main.py:22]
2026-05-18 15:16:42,263 - ERROR - Data ingestion failed: name 'cafe' is not defined [main.py:31]
2026-05-18 15:17:32,046 - INFO - Starting data ingestion [main.py:17]
2026-05-18 15:17:33,170 - INFO - Data ingestion completed successfully. Fetched 198 records. [main.py:20]
2026-05-18 15:17:33,172 - INFO - Feature extraction completed. Extracted 186 valid records [main.py:22]
2026-05-18 15:17:33,173 - ERROR - Data ingestion failed: name 'cafe' is not defined [main.py:31]
2026-05-18 15:19:02,283 - INFO - Starting data ingestion [main.py:17]
2026-05-18 15:19:12,513 - ERROR - Data ingestion failed: cannot access local variable 'cafes' where it is not associated with a value [main.py:32]
2026-05-18 15:19:48,878 - INFO - Starting data ingestion [main.py:17]
2026-05-18 15:19:50,688 - ERROR - Data ingestion failed: name 'validate_cafe' is not defined [main.py:32]
2026-05-18 15:20:03,880 - INFO - Starting data ingestion [main.py:17]
2026-05-18 15:20:07,175 - ERROR - Data ingestion failed: name 'cafe' is not defined [main.py:32]
2026-05-18 15:20:17,150 - INFO - Starting data ingestion [main.py:17]
2026-05-18 15:20:18,715 - ERROR - Data ingestion failed: name 'cafe' is not defined [main.py:32]
2026-05-18 15:20:21,305 - INFO - Starting data ingestion [main.py:17]
2026-05-18 15:20:22,877 - ERROR - Data ingestion failed: 'bytes' object has no attribute 'get' [main.py:32]
2026-05-18 15:24:30,772 - INFO - Starting data ingestion [main.py:17]
2026-05-18 15:24:38,342 - ERROR - Data ingestion failed: list indices must be integers or slices, not str [main.py:32]
2026-05-18 15:25:31,169 - INFO - Starting data ingestion [main.py:17]
2026-05-18 15:25:40,527 - INFO - [{'name': "Zara's Hub", 'lat': 53.3944049, 'lon': -2.890362}, {'name': 'Simply Coffee', 'lat': 53.3944566, 'lon': -2.8922661}, {'name': 'Neighbourhood', 'lat': 53.3905974, 'lon': -2.8994072}, {'name': 'Ryde', 'lat': 53.3934347, 'lon': -2.9781396}, {'name': 'The Egg Cafe', 'lat': 53.4039324, 'lon': -2.9775443}] [main.py:29]
2026-05-18 15:25:40,527 - INFO - Data ingestion pipeline completed successfully. [main.py:30]
2026-05-18 15:28:03,160 - INFO - Starting data ingestion [main.py:17]
2026-05-18 15:28:05,440 - INFO - Data ingestion completed successfully. Fetched 198 records. [main.py:20]
2026-05-18 15:28:05,440 - ERROR - Data ingestion failed: name 'extracted_df' is not defined [main.py:31]
2026-05-18 15:28:17,908 - INFO - Starting data ingestion [main.py:17]
2026-05-18 15:28:22,168 - INFO - Data ingestion completed successfully. Fetched 198 records. [main.py:20]
2026-05-18 15:28:22,168 - INFO - Feature extraction completed. Extracted 186 valid records [main.py:23]
2026-05-18 15:28:22,168 - ERROR - Data ingestion failed: slice(None, 5, None) [main.py:31]
2026-05-18 15:30:21,545 - INFO - Starting data ingestion [main.py:17]
2026-05-18 15:30:30,705 - INFO - Starting data ingestion [main.py:17]
2026-05-18 15:30:44,202 - ERROR - Data ingestion failed: Expecting value: line 1 column 1 (char 0) [main.py:31]
2026-05-18 15:31:07,147 - INFO - Starting data ingestion [main.py:17]
2026-05-18 15:31:08,287 - INFO - Data ingestion completed successfully. Fetched 198 records. [main.py:20]
2026-05-18 15:31:08,288 - INFO - Feature extraction completed. Extracted 186 valid records [main.py:23]
2026-05-18 15:31:08,288 - INFO - Data ingestion pipeline completed successfully. [main.py:28]
2026-05-18 15:31:37,104 - INFO - Starting data ingestion [main.py:17]
2026-05-18 15:31:47,260 - ERROR - Data ingestion failed: Expecting value: line 1 column 1 (char 0) [main.py:31]
2026-05-18 15:32:27,876 - INFO - Starting data ingestion [main.py:17]
2026-05-18 15:32:40,919 - ERROR - Data ingestion failed: Expecting value: line 1 column 1 (char 0) [main.py:31]
2026-05-18 15:34:04,711 - INFO - Starting data ingestion [main.py:17]
2026-05-18 15:34:05,843 - INFO - Data ingestion completed successfully. Fetched 198 records. [main.py:20]
2026-05-18 15:34:05,843 - INFO - Feature extraction completed. Extracted 186 valid records [main.py:23]
2026-05-18 15:34:05,843 - INFO - Data ingestion pipeline completed successfully. [main.py:28]
2026-05-18 15:36:34,281 - INFO - Starting data ingestion [main.py:17]
2026-05-18 15:36:35,652 - INFO - 186 [main.py:25]
2026-05-18 15:36:35,652 - INFO - [{'name': "Zara's Hub", 'lat': 53.3944049, 'lon': -2.890362}, {'name': 'Simply Coffee', 'lat': 53.3944566, 'lon': -2.8922661}, {'name': 'Neighbourhood', 'lat': 53.3905974, 'lon': -2.8994072}] [main.py:26]
2026-05-18 15:36:35,652 - INFO - Data ingestion pipeline completed successfully. [main.py:36]
2026-05-18 15:37:38,207 - INFO - Starting data ingestion [main.py:17]
2026-05-18 15:37:40,971 - INFO - Data ingestion completed successfully. Fetched 198 records. [main.py:27]
2026-05-18 15:37:40,972 - INFO - Feature extraction completed. Extracted 186 valid records [main.py:30]
2026-05-18 15:37:40,972 - INFO - Duplicate removal completed. 186 unique records remain. [main.py:33]
2026-05-18 15:37:40,972 - INFO - [{'name': "Zara's Hub", 'lat': 53.3944049, 'lon': -2.890362}, {'name': 'Simply Coffee', 'lat': 53.3944566, 'lon': -2.8922661}, {'name': 'Neighbourhood', 'lat': 53.3905974, 'lon': -2.8994072}, {'name': 'Ryde', 'lat': 53.3934347, 'lon': -2.9781396}, {'name': 'The Egg Cafe', 'lat': 53.4039324, 'lon': -2.9775443}] [main.py:34]
2026-05-18 15:37:40,972 - INFO - Data ingestion pipeline completed successfully. [main.py:35]
2026-05-18 15:43:18,792 - INFO - Starting data ingestion [main.py:17]
2026-05-18 15:43:20,170 - INFO - Data ingestion completed successfully. Fetched 198 records. [main.py:20]
2026-05-18 15:43:20,170 - INFO - Feature extraction completed. Extracted 186 valid records [main.py:23]
2026-05-18 15:43:20,171 - INFO - Duplicate removal completed. 186 unique records remain. [main.py:26]
2026-05-18 15:43:20,171 - ERROR - Data ingestion failed: name 'pd' is not defined [main.py:36]
2026-05-18 15:43:36,573 - INFO - Starting data ingestion [main.py:18]
2026-05-18 15:43:47,421 - INFO - Data ingestion completed successfully. Fetched 198 records. [main.py:21]
2026-05-18 15:43:47,422 - INFO - Feature extraction completed. Extracted 186 valid records [main.py:24]
2026-05-18 15:43:47,422 - INFO - Duplicate removal completed. 186 unique records remain. [main.py:27]
2026-05-18 15:43:47,425 - INFO - [{'name': "Zara's Hub", 'lat': 53.3944049, 'lon': -2.890362}, {'name': 'Simply Coffee', 'lat': 53.3944566, 'lon': -2.8922661}, {'name': 'Neighbourhood', 'lat': 53.3905974, 'lon': -2.8994072}, {'name': 'Ryde', 'lat': 53.3934347, 'lon': -2.9781396}, {'name': 'The Egg Cafe', 'lat': 53.4039324, 'lon': -2.9775443}] [main.py:31]
2026-05-18 15:43:47,425 - INFO - Data ingestion pipeline completed successfully. [main.py:32]
2026-05-18 15:43:47,425 - INFO - Starting feature engineering [main.py:42]
2026-05-18 15:44:03,316 - INFO - Starting data ingestion [main.py:18]
2026-05-18 15:44:04,462 - INFO - Data ingestion completed successfully. Fetched 198 records. [main.py:21]
2026-05-18 15:44:04,462 - INFO - Feature extraction completed. Extracted 186 valid records [main.py:24]
2026-05-18 15:44:04,462 - INFO - Duplicate removal completed. 186 unique records remain. [main.py:27]
2026-05-18 15:44:04,464 - INFO - [{'name': "Zara's Hub", 'lat': 53.3944049, 'lon': -2.890362}, {'name': 'Simply Coffee', 'lat': 53.3944566, 'lon': -2.8922661}, {'name': 'Neighbourhood', 'lat': 53.3905974, 'lon': -2.8994072}, {'name': 'Ryde', 'lat': 53.3934347, 'lon': -2.9781396}, {'name': 'The Egg Cafe', 'lat': 53.4039324, 'lon': -2.9775443}] [main.py:31]
2026-05-18 15:44:04,464 - INFO - Data ingestion pipeline completed successfully. [main.py:32]
2026-05-18 15:44:04,464 - INFO - Starting feature engineering [main.py:42]
2026-05-18 15:44:15,636 - INFO - Starting data ingestion [main.py:18]
2026-05-18 15:44:16,701 - INFO - Data ingestion completed successfully. Fetched 198 records. [main.py:21]
2026-05-18 15:44:16,702 - INFO - Feature extraction completed. Extracted 186 valid records [main.py:24]
2026-05-18 15:44:16,702 - INFO - Duplicate removal completed. 186 unique records remain. [main.py:27]
2026-05-18 15:44:16,704 - INFO - [{'name': "Zara's Hub", 'lat': 53.3944049, 'lon': -2.890362}, {'name': 'Simply Coffee', 'lat': 53.3944566, 'lon': -2.8922661}, {'name': 'Neighbourhood', 'lat': 53.3905974, 'lon': -2.8994072}, {'name': 'Ryde', 'lat': 53.3934347, 'lon': -2.9781396}, {'name': 'The Egg Cafe', 'lat': 53.4039324, 'lon': -2.9775443}] [main.py:31]
2026-05-18 15:44:16,704 - INFO - Data ingestion pipeline completed successfully. [main.py:32]
2026-05-18 15:44:16,704 - INFO - Starting feature engineering [main.py:42]
2026-05-18 15:44:16,718 - INFO - H3 assignment completed successfully. 186 records with H3 cells assigned. [main.py:45]
2026-05-18 15:44:16,725 - INFO - Feature building completed successfully. 186 records with features built. [main.py:47]
2026-05-18 15:44:16,725 - INFO - Feature engineering completed successfully. [main.py:53]
2026-05-18 15:44:34,917 - INFO - Starting data ingestion [main.py:18]
2026-05-18 15:44:36,304 - INFO - Data ingestion completed successfully. Fetched 198 records. [main.py:21]
2026-05-18 15:44:36,305 - INFO - Feature extraction completed. Extracted 186 valid records [main.py:24]
2026-05-18 15:44:36,305 - INFO - Duplicate removal completed. 186 unique records remain. [main.py:27]
2026-05-18 15:44:36,306 - INFO - [{'name': "Zara's Hub", 'lat': 53.3944049, 'lon': -2.890362}, {'name': 'Simply Coffee', 'lat': 53.3944566, 'lon': -2.8922661}, {'name': 'Neighbourhood', 'lat': 53.3905974, 'lon': -2.8994072}, {'name': 'Ryde', 'lat': 53.3934347, 'lon': -2.9781396}, {'name': 'The Egg Cafe', 'lat': 53.4039324, 'lon': -2.9775443}] [main.py:31]
2026-05-18 15:44:36,307 - INFO - Data ingestion pipeline completed successfully. [main.py:32]
2026-05-18 15:44:36,307 - INFO - Starting feature engineering [main.py:42]
2026-05-18 15:44:36,311 - INFO - H3 assignment completed successfully. 186 records with H3 cells assigned. [main.py:45]
2026-05-18 15:44:36,316 - INFO - Feature building completed successfully. 186 records with features built. [main.py:47]
2026-05-18 15:44:47,168 - INFO - Starting data ingestion [main.py:18]
2026-05-18 15:44:54,159 - INFO - Data ingestion completed successfully. Fetched 198 records. [main.py:21]
2026-05-18 15:44:54,161 - INFO - Feature extraction completed. Extracted 186 valid records [main.py:24]
2026-05-18 15:44:54,161 - INFO - Duplicate removal completed. 186 unique records remain. [main.py:27]
2026-05-18 15:44:54,162 - INFO - [{'name': "Zara's Hub", 'lat': 53.3944049, 'lon': -2.890362}, {'name': 'Simply Coffee', 'lat': 53.3944566, 'lon': -2.8922661}, {'name': 'Neighbourhood', 'lat': 53.3905974, 'lon': -2.8994072}, {'name': 'Ryde', 'lat': 53.3934347, 'lon': -2.9781396}, {'name': 'The Egg Cafe', 'lat': 53.4039324, 'lon': -2.9775443}] [main.py:31]
2026-05-18 15:44:54,162 - INFO - Data ingestion pipeline completed successfully. [main.py:32]
2026-05-18 15:44:54,163 - INFO - Starting feature engineering [main.py:42]
2026-05-18 15:44:54,167 - INFO - H3 assignment completed successfully. 186 records with H3 cells assigned. [main.py:45]
2026-05-18 15:44:54,172 - INFO - Feature building completed successfully. 186 records with features built. [main.py:47]
2026-05-18 15:45:25,000 - INFO - Starting data ingestion [main.py:18]
2026-05-18 15:45:26,174 - INFO - Data ingestion completed successfully. Fetched 198 records. [main.py:21]
2026-05-18 15:45:26,175 - INFO - Feature extraction completed. Extracted 186 valid records [main.py:24]
2026-05-18 15:45:26,175 - INFO - Duplicate removal completed. 186 unique records remain. [main.py:27]
2026-05-18 15:45:26,176 - INFO - [{'name': "Zara's Hub", 'lat': 53.3944049, 'lon': -2.890362}, {'name': 'Simply Coffee', 'lat': 53.3944566, 'lon': -2.8922661}, {'name': 'Neighbourhood', 'lat': 53.3905974, 'lon': -2.8994072}, {'name': 'Ryde', 'lat': 53.3934347, 'lon': -2.9781396}, {'name': 'The Egg Cafe', 'lat': 53.4039324, 'lon': -2.9775443}] [main.py:31]
2026-05-18 15:45:26,176 - INFO - Data ingestion pipeline completed successfully. [main.py:32]
2026-05-18 15:45:26,177 - INFO - Starting feature engineering [main.py:42]
2026-05-18 15:45:26,179 - INFO - H3 assignment completed successfully. 186 records with H3 cells assigned. [main.py:45]
2026-05-18 15:45:26,183 - INFO - Feature building completed successfully. 186 records with features built. [main.py:47]
2026-05-18 15:45:26,217 - INFO - Hex feature aggregation completed successfully. 186 hex-level records created. [main.py:49]
2026-05-18 15:45:26,217 - INFO - Feature engineering completed successfully. [main.py:55]
2026-05-18 15:45:47,642 - INFO - Starting data ingestion [main.py:18]
2026-05-18 15:45:56,830 - INFO - Data ingestion completed successfully. Fetched 198 records. [main.py:21]
2026-05-18 15:45:56,831 - INFO - Feature extraction completed. Extracted 186 valid records [main.py:24]
2026-05-18 15:45:56,832 - INFO - Duplicate removal completed. 186 unique records remain. [main.py:27]
2026-05-18 15:45:56,833 - INFO - [{'name': "Zara's Hub", 'lat': 53.3944049, 'lon': -2.890362}, {'name': 'Simply Coffee', 'lat': 53.3944566, 'lon': -2.8922661}, {'name': 'Neighbourhood', 'lat': 53.3905974, 'lon': -2.8994072}, {'name': 'Ryde', 'lat': 53.3934347, 'lon': -2.9781396}, {'name': 'The Egg Cafe', 'lat': 53.4039324, 'lon': -2.9775443}] [main.py:31]
2026-05-18 15:45:56,833 - INFO - Data ingestion pipeline completed successfully. [main.py:32]
2026-05-18 15:45:56,834 - INFO - Starting feature engineering [main.py:42]
2026-05-18 15:45:56,838 - INFO - H3 assignment completed successfully. 186 records with H3 cells assigned. [main.py:45]
2026-05-18 15:45:56,843 - INFO - Feature building completed successfully. 186 records with features built. [main.py:47]
2026-05-18 15:45:56,868 - INFO - Hex feature aggregation completed successfully. 186 hex-level records created. [main.py:49]
2026-05-18 15:45:56,873 - INFO - Sample of engineered features:
            name        lat       lon          h3_cell     h3_lat    h3_lon  nearest_cafe_distance  count_nearby_cafes  is_chain_cafe  hex_total_cafes  hex_chain_count  hex_chain_ratio  ring_cafe_count
0     Zara's Hub  53.394405 -2.890362  89195106337ffff  53.394313 -2.889268             126.383798                   1              0                1                0              0.0                2
1  Simply Coffee  53.394457 -2.892266  89195106323ffff  53.394026 -2.894136             126.383798                   1              0                1                0              0.0                3
2  Neighbourhood  53.390597 -2.899407  89195104593ffff  53.391006 -2.900619             639.035356                   0              0                1                0              0.0                3
3           Ryde  53.393435 -2.978140  8919510467bffff  53.394305 -2.978572              77.921311                   7              0                4                0              0.0               10
4   The Egg Cafe  53.403932 -2.977544  891951046cbffff  53.404956 -2.977000              29.514629                  31              0                2                0              0.0               57 [main.py:50]
2026-05-18 15:45:56,873 - INFO - Feature engineering completed successfully. [main.py:56]
2026-05-18 15:51:16,942 - INFO - Starting data ingestion [main.py:18]
2026-05-18 15:51:18,205 - INFO - Data ingestion completed successfully. Fetched 198 records. [main.py:21]
2026-05-18 15:51:18,205 - INFO - Feature extraction completed. Extracted 186 valid records [main.py:24]
2026-05-18 15:51:18,205 - INFO - Duplicate removal completed. 186 unique records remain. [main.py:27]
2026-05-18 15:51:18,206 - INFO - [{'name': "Zara's Hub", 'lat': 53.3944049, 'lon': -2.890362}, {'name': 'Simply Coffee', 'lat': 53.3944566, 'lon': -2.8922661}, {'name': 'Neighbourhood', 'lat': 53.3905974, 'lon': -2.8994072}, {'name': 'Ryde', 'lat': 53.3934347, 'lon': -2.9781396}, {'name': 'The Egg Cafe', 'lat': 53.4039324, 'lon': -2.9775443}] [main.py:31]
2026-05-18 15:51:18,207 - INFO - Data ingestion pipeline completed successfully. [main.py:32]
2026-05-18 15:51:18,207 - INFO - Starting feature engineering [main.py:42]
2026-05-18 15:51:18,210 - INFO - H3 assignment completed successfully. 186 records with H3 cells assigned. [main.py:45]
2026-05-18 15:51:18,215 - INFO - Feature building completed successfully. 186 records with features built. [main.py:47]
2026-05-18 15:51:18,246 - INFO - Hex feature aggregation completed successfully. 186 hex-level records created. [main.py:49]
2026-05-18 15:51:27,460 - INFO - Starting data ingestion [main.py:18]
2026-05-18 15:51:31,764 - INFO - Data ingestion completed successfully. Fetched 198 records. [main.py:21]
2026-05-18 15:51:31,764 - INFO - Feature extraction completed. Extracted 186 valid records [main.py:24]
2026-05-18 15:51:31,765 - INFO - Duplicate removal completed. 186 unique records remain. [main.py:27]
2026-05-18 15:51:31,766 - INFO - [{'name': "Zara's Hub", 'lat': 53.3944049, 'lon': -2.890362}, {'name': 'Simply Coffee', 'lat': 53.3944566, 'lon': -2.8922661}, {'name': 'Neighbourhood', 'lat': 53.3905974, 'lon': -2.8994072}, {'name': 'Ryde', 'lat': 53.3934347, 'lon': -2.9781396}, {'name': 'The Egg Cafe', 'lat': 53.4039324, 'lon': -2.9775443}] [main.py:31]
2026-05-18 15:51:31,766 - INFO - Data ingestion pipeline completed successfully. [main.py:32]
2026-05-18 15:51:31,766 - INFO - Starting feature engineering [main.py:42]
2026-05-18 15:51:31,770 - INFO - H3 assignment completed successfully. 186 records with H3 cells assigned. [main.py:45]
2026-05-18 15:51:31,775 - INFO - Feature building completed successfully. 186 records with features built. [main.py:47]
2026-05-18 15:51:31,810 - INFO - Hex feature aggregation completed successfully. 186 hex-level records created. [main.py:49]
2026-05-18 15:54:29,257 - INFO - Starting data ingestion [main.py:18]
2026-05-18 15:54:33,807 - INFO - Data ingestion completed successfully. Fetched 198 records. [main.py:21]
2026-05-18 15:54:33,807 - INFO - Feature extraction completed. Extracted 186 valid records [main.py:24]
2026-05-18 15:54:33,808 - INFO - Duplicate removal completed. 186 unique records remain. [main.py:27]
2026-05-18 15:54:33,809 - INFO - [{'name': "Zara's Hub", 'lat': 53.3944049, 'lon': -2.890362}, {'name': 'Simply Coffee', 'lat': 53.3944566, 'lon': -2.8922661}, {'name': 'Neighbourhood', 'lat': 53.3905974, 'lon': -2.8994072}, {'name': 'Ryde', 'lat': 53.3934347, 'lon': -2.9781396}, {'name': 'The Egg Cafe', 'lat': 53.4039324, 'lon': -2.9775443}] [main.py:31]
2026-05-18 15:54:33,809 - INFO - Data ingestion pipeline completed successfully. [main.py:32]
2026-05-18 15:54:33,809 - INFO - Starting feature engineering [main.py:42]
2026-05-18 15:54:33,813 - INFO - H3 assignment completed successfully. 186 records with H3 cells assigned. [main.py:45]
2026-05-18 15:54:33,818 - INFO - Feature building completed successfully. 186 records with features built. [main.py:47]
2026-05-18 15:54:33,854 - INFO - Hex feature aggregation completed successfully. 186 hex-level records created. [main.py:49]
2026-05-18 15:55:58,320 - INFO - Starting data ingestion [main.py:18]
2026-05-18 15:55:59,923 - INFO - Data ingestion completed successfully. Fetched 198 records. [main.py:21]
2026-05-18 15:55:59,924 - INFO - Feature extraction completed. Extracted 186 valid records [main.py:24]
2026-05-18 15:55:59,925 - INFO - Duplicate removal completed. 186 unique records remain. [main.py:27]
2026-05-18 15:55:59,926 - INFO - [{'name': "Zara's Hub", 'lat': 53.3944049, 'lon': -2.890362}, {'name': 'Simply Coffee', 'lat': 53.3944566, 'lon': -2.8922661}, {'name': 'Neighbourhood', 'lat': 53.3905974, 'lon': -2.8994072}, {'name': 'Ryde', 'lat': 53.3934347, 'lon': -2.9781396}, {'name': 'The Egg Cafe', 'lat': 53.4039324, 'lon': -2.9775443}] [main.py:31]
2026-05-18 15:55:59,926 - INFO - Data ingestion pipeline completed successfully. [main.py:32]
2026-05-18 15:55:59,926 - INFO - Starting feature engineering [main.py:42]
2026-05-18 15:55:59,930 - INFO - H3 assignment completed successfully. 186 records with H3 cells assigned. [main.py:45]
2026-05-18 15:55:59,935 - INFO - Feature building completed successfully. 186 records with features built. [main.py:47]
2026-05-18 15:55:59,971 - INFO - Hex feature aggregation completed successfully. 186 hex-level records created. [main.py:49]
2026-05-18 16:14:00,132 - INFO - Starting data ingestion [main.py:18]
2026-05-18 16:14:01,317 - INFO - Data ingestion completed successfully. Fetched 198 records. [main.py:21]
2026-05-18 16:14:01,318 - INFO - Feature extraction completed. Extracted 186 valid records [main.py:24]
2026-05-18 16:14:01,319 - INFO - Duplicate removal completed. 186 unique records remain. [main.py:27]
2026-05-18 16:14:01,320 - INFO - [{'name': "Zara's Hub", 'lat': 53.3944049, 'lon': -2.890362}, {'name': 'Simply Coffee', 'lat': 53.3944566, 'lon': -2.8922661}, {'name': 'Neighbourhood', 'lat': 53.3905974, 'lon': -2.8994072}, {'name': 'Ryde', 'lat': 53.3934347, 'lon': -2.9781396}, {'name': 'The Egg Cafe', 'lat': 53.4039324, 'lon': -2.9775443}] [main.py:31]
2026-05-18 16:14:01,321 - INFO - Data ingestion pipeline completed successfully. [main.py:32]
2026-05-18 16:14:01,321 - INFO - Starting feature engineering [main.py:42]
2026-05-18 16:14:01,325 - INFO - H3 assignment completed successfully. 186 records with H3 cells assigned. [main.py:45]
2026-05-18 16:14:01,330 - INFO - Feature building completed successfully. 186 records with features built. [main.py:47]
2026-05-18 16:14:01,361 - INFO - Hex feature aggregation completed successfully. 186 hex-level records created. [main.py:49]
2026-05-18 16:14:01,366 - INFO - Sample of engineered features:
            name        lat       lon          h3_cell     h3_lat    h3_lon  nearest_cafe_distance  count_nearby_cafes  is_chain_cafe  hex_total_cafes  hex_chain_count  hex_chain_ratio  ring_cafe_count
0     Zara's Hub  53.394405 -2.890362  89195106337ffff  53.394313 -2.889268             126.383798                   1              0                1                0              0.0                2
1  Simply Coffee  53.394457 -2.892266  89195106323ffff  53.394026 -2.894136             126.383798                   1              0                1                0              0.0                3
2  Neighbourhood  53.390597 -2.899407  89195104593ffff  53.391006 -2.900619             639.035356                   0              0                1                0              0.0                3
3           Ryde  53.393435 -2.978140  8919510467bffff  53.394305 -2.978572              77.921311                   7              0                4                0              0.0               10
4   The Egg Cafe  53.403932 -2.977544  891951046cbffff  53.404956 -2.977000              29.514629                  31              0                2                0              0.0               57 [main.py:51]
2026-05-18 16:14:01,366 - INFO - Feature engineering completed successfully. [main.py:52]
2026-05-18 16:14:34,579 - INFO - Starting data ingestion [main.py:18]
2026-05-18 16:14:36,589 - INFO - Data ingestion completed successfully. Fetched 198 records. [main.py:21]
2026-05-18 16:14:36,590 - INFO - Feature extraction completed. Extracted 186 valid records [main.py:24]
2026-05-18 16:14:36,591 - INFO - Duplicate removal completed. 186 unique records remain. [main.py:27]
2026-05-18 16:14:36,592 - INFO - [{'name': "Zara's Hub", 'lat': 53.3944049, 'lon': -2.890362}, {'name': 'Simply Coffee', 'lat': 53.3944566, 'lon': -2.8922661}, {'name': 'Neighbourhood', 'lat': 53.3905974, 'lon': -2.8994072}, {'name': 'Ryde', 'lat': 53.3934347, 'lon': -2.9781396}, {'name': 'The Egg Cafe', 'lat': 53.4039324, 'lon': -2.9775443}] [main.py:31]
2026-05-18 16:14:36,592 - INFO - Data ingestion pipeline completed successfully. [main.py:32]
2026-05-18 16:14:36,592 - INFO - Starting feature engineering [main.py:42]
2026-05-18 16:14:36,596 - INFO - H3 assignment completed successfully. 186 records with H3 cells assigned. [main.py:45]
2026-05-18 16:14:36,601 - INFO - Feature building completed successfully. 186 records with features built. [main.py:47]
2026-05-18 16:14:36,634 - INFO - Hex feature aggregation completed successfully. 186 hex-level records created. [main.py:49]
2026-05-18 16:14:36,636 - INFO - Sample of engineered features:
None [main.py:51]
2026-05-18 16:14:36,636 - INFO - Feature engineering completed successfully. [main.py:52]
2026-05-18 16:49:57,603 - INFO - Starting data ingestion [main.py:18]
2026-05-18 16:49:58,957 - INFO - Data ingestion completed successfully. Fetched 198 records. [main.py:21]
2026-05-18 16:49:58,958 - INFO - Feature extraction completed. Extracted 186 valid records [main.py:24]
2026-05-18 16:49:58,958 - INFO - Duplicate removal completed. 186 unique records remain. [main.py:27]
2026-05-18 16:49:58,959 - INFO - [{'name': "Zara's Hub", 'lat': 53.3944049, 'lon': -2.890362}, {'name': 'Simply Coffee', 'lat': 53.3944566, 'lon': -2.8922661}, {'name': 'Neighbourhood', 'lat': 53.3905974, 'lon': -2.8994072}, {'name': 'Ryde', 'lat': 53.3934347, 'lon': -2.9781396}, {'name': 'The Egg Cafe', 'lat': 53.4039324, 'lon': -2.9775443}] [main.py:31]
2026-05-18 16:49:58,959 - INFO - Data ingestion pipeline completed successfully. [main.py:32]
2026-05-18 16:49:58,960 - INFO - Starting feature engineering [main.py:42]
2026-05-18 16:49:58,963 - INFO - H3 assignment completed successfully. 186 records with H3 cells assigned. [main.py:45]
2026-05-18 16:49:58,969 - INFO - Feature building completed successfully. 186 records with features built. [main.py:47]
2026-05-18 16:49:59,004 - INFO - Hex feature aggregation completed successfully. 186 hex-level records created. [main.py:49]
2026-05-18 16:49:59,006 - INFO - Sample of engineered features:
None [main.py:51]
2026-05-18 16:49:59,006 - INFO - Feature engineering completed successfully. [main.py:52]
2026-05-18 16:56:20,941 - INFO - Starting data ingestion [main.py:18]
2026-05-18 16:56:24,462 - INFO - Data ingestion completed successfully. Fetched 198 records. [main.py:21]
2026-05-18 16:56:24,463 - INFO - Feature extraction completed. Extracted 186 valid records [main.py:24]
2026-05-18 16:56:24,463 - INFO - Duplicate removal completed. 186 unique records remain. [main.py:27]
2026-05-18 16:56:24,464 - INFO - [{'name': "Zara's Hub", 'lat': 53.3944049, 'lon': -2.890362}, {'name': 'Simply Coffee', 'lat': 53.3944566, 'lon': -2.8922661}, {'name': 'Neighbourhood', 'lat': 53.3905974, 'lon': -2.8994072}, {'name': 'Ryde', 'lat': 53.3934347, 'lon': -2.9781396}, {'name': 'The Egg Cafe', 'lat': 53.4039324, 'lon': -2.9775443}] [main.py:31]
2026-05-18 16:56:24,464 - INFO - Data ingestion pipeline completed successfully. [main.py:32]
2026-05-18 16:56:24,464 - INFO - Starting feature engineering [main.py:42]
2026-05-18 16:56:24,468 - INFO - H3 assignment completed successfully. 186 records with H3 cells assigned. [main.py:45]
2026-05-18 16:56:24,473 - INFO - Feature building completed successfully. 186 records with features built. [main.py:47]
2026-05-18 16:56:24,509 - INFO - Hex feature aggregation completed successfully. 186 hex-level records created. [main.py:49]
2026-05-18 16:56:24,511 - INFO - Sample of engineered features:
None [main.py:51]
2026-05-18 16:56:24,511 - INFO - Feature engineering completed successfully. [main.py:52]
2026-05-18 17:00:33,805 - INFO - Starting data ingestion [main.py:18]
2026-05-18 17:00:35,380 - INFO - Data ingestion completed successfully. Fetched 198 records. [main.py:21]
2026-05-18 17:00:35,380 - INFO - Feature extraction completed. Extracted 186 valid records [main.py:24]
2026-05-18 17:00:35,381 - INFO - Duplicate removal completed. 186 unique records remain. [main.py:27]
2026-05-18 17:00:35,382 - INFO - [{'name': "Zara's Hub", 'lat': 53.3944049, 'lon': -2.890362}, {'name': 'Simply Coffee', 'lat': 53.3944566, 'lon': -2.8922661}, {'name': 'Neighbourhood', 'lat': 53.3905974, 'lon': -2.8994072}, {'name': 'Ryde', 'lat': 53.3934347, 'lon': -2.9781396}, {'name': 'The Egg Cafe', 'lat': 53.4039324, 'lon': -2.9775443}] [main.py:31]
2026-05-18 17:00:35,382 - INFO - Data ingestion pipeline completed successfully. [main.py:32]
2026-05-18 17:00:35,382 - INFO - Starting feature engineering [main.py:42]
2026-05-18 17:00:35,385 - INFO - H3 assignment completed successfully. 186 records with H3 cells assigned. [main.py:45]
2026-05-18 17:00:35,390 - INFO - Feature building completed successfully. 186 records with features built. [main.py:47]
2026-05-18 17:00:35,423 - INFO - Hex feature aggregation completed successfully. 186 hex-level records created. [main.py:49]
2026-05-18 17:00:35,425 - INFO - Sample of engineered features:
None [main.py:51]
2026-05-18 17:00:35,425 - INFO - Feature engineering completed successfully. [main.py:52]
2026-05-19 14:42:26,436 - INFO - Starting data ingestion [main.py:19]
2026-05-19 14:42:28,422 - INFO - Data ingestion completed successfully. Fetched 198 records. [main.py:22]
2026-05-19 14:42:28,422 - INFO - Feature extraction completed. Extracted 186 valid records [main.py:25]
2026-05-19 14:42:28,423 - INFO - Duplicate removal completed. 186 unique records remain. [main.py:28]
2026-05-19 14:42:28,424 - INFO - [{'name': "Zara's Hub", 'lat': 53.3944049, 'lon': -2.890362}, {'name': 'Simply Coffee', 'lat': 53.3944566, 'lon': -2.8922661}, {'name': 'Neighbourhood', 'lat': 53.3905974, 'lon': -2.8994072}, {'name': 'Ryde', 'lat': 53.3934347, 'lon': -2.9781396}, {'name': 'The Egg Cafe', 'lat': 53.4039324, 'lon': -2.9775443}] [main.py:32]
2026-05-19 14:42:28,424 - INFO - Data ingestion pipeline completed successfully. [main.py:33]
2026-05-19 14:42:28,424 - INFO - Starting feature engineering [main.py:43]
2026-05-19 14:42:28,430 - INFO - H3 assignment completed successfully. 186 records with H3 cells assigned. [main.py:46]
2026-05-19 14:42:28,437 - INFO - Feature building completed successfully. 186 records with features built. [main.py:48]
2026-05-19 14:42:28,465 - INFO - Hex feature aggregation completed successfully. 186 hex-level records created. [main.py:50]
2026-05-19 14:42:28,467 - INFO - Sample of engineered features:
None [main.py:52]
2026-05-19 14:42:28,467 - INFO - Feature engineering completed successfully. [main.py:53]
2026-05-19 14:44:35,993 - INFO - Starting data ingestion [main.py:19]
2026-05-19 14:44:38,985 - INFO - Data ingestion completed successfully. Fetched 198 records. [main.py:22]
2026-05-19 14:44:38,985 - INFO - Feature extraction completed. Extracted 186 valid records [main.py:25]
2026-05-19 14:44:38,986 - INFO - Duplicate removal completed. 186 unique records remain. [main.py:28]
2026-05-19 14:44:38,987 - INFO - [{'name': "Zara's Hub", 'lat': 53.3944049, 'lon': -2.890362}, {'name': 'Simply Coffee', 'lat': 53.3944566, 'lon': -2.8922661}, {'name': 'Neighbourhood', 'lat': 53.3905974, 'lon': -2.8994072}, {'name': 'Ryde', 'lat': 53.3934347, 'lon': -2.9781396}, {'name': 'The Egg Cafe', 'lat': 53.4039324, 'lon': -2.9775443}] [main.py:32]
2026-05-19 14:44:38,987 - INFO - Data ingestion pipeline completed successfully. [main.py:33]
2026-05-19 14:44:38,987 - INFO - Starting feature engineering [main.py:43]
2026-05-19 14:44:38,991 - INFO - H3 assignment completed successfully. 186 records with H3 cells assigned. [main.py:46]
2026-05-19 14:44:38,997 - INFO - Feature building completed successfully. 186 records with features built. [main.py:48]
2026-05-19 14:44:39,026 - INFO - Hex feature aggregation completed successfully. 186 hex-level records created. [main.py:50]
2026-05-19 14:44:39,028 - INFO - Sample of engineered features:
None [main.py:52]
2026-05-19 14:44:39,028 - INFO - Feature engineering completed successfully. [main.py:53]
2026-05-19 14:49:58,996 - INFO - Starting data ingestion [main.py:19]
2026-05-19 14:50:01,025 - INFO - Data ingestion completed successfully. Fetched 198 records. [main.py:22]
2026-05-19 14:50:01,026 - INFO - Feature extraction completed. Extracted 186 valid records [main.py:25]
2026-05-19 14:50:01,026 - INFO - Duplicate removal completed. 186 unique records remain. [main.py:28]
2026-05-19 14:50:01,028 - INFO - [{'name': "Zara's Hub", 'lat': 53.3944049, 'lon': -2.890362}, {'name': 'Simply Coffee', 'lat': 53.3944566, 'lon': -2.8922661}, {'name': 'Neighbourhood', 'lat': 53.3905974, 'lon': -2.8994072}, {'name': 'Ryde', 'lat': 53.3934347, 'lon': -2.9781396}, {'name': 'The Egg Cafe', 'lat': 53.4039324, 'lon': -2.9775443}] [main.py:32]
2026-05-19 14:50:01,028 - INFO - Data ingestion pipeline completed successfully. [main.py:33]
2026-05-19 14:50:01,028 - INFO - Starting feature engineering [main.py:43]
2026-05-19 14:50:01,032 - INFO - H3 assignment completed successfully. 186 records with H3 cells assigned. [main.py:46]
2026-05-19 14:50:01,038 - INFO - Feature building completed successfully. 186 records with features built. [main.py:48]
2026-05-19 14:50:01,066 - INFO - Hex feature aggregation completed successfully. 186 hex-level records created. [main.py:50]
2026-05-19 14:50:01,068 - INFO - Sample of engineered features:
None [main.py:52]
2026-05-19 14:50:01,068 - INFO - Feature engineering completed successfully. [main.py:53]
2026-05-19 14:56:49,847 - INFO - Starting data ingestion [main.py:20]
2026-05-19 14:56:51,019 - INFO - Data ingestion completed successfully. Fetched 198 records. [main.py:23]
2026-05-19 14:56:51,019 - INFO - Feature extraction completed. Extracted 186 valid records [main.py:26]
2026-05-19 14:56:51,019 - INFO - Duplicate removal completed. 186 unique records remain. [main.py:29]
2026-05-19 14:56:51,021 - INFO - [{'name': "Zara's Hub", 'lat': 53.3944049, 'lon': -2.890362}, {'name': 'Simply Coffee', 'lat': 53.3944566, 'lon': -2.8922661}, {'name': 'Neighbourhood', 'lat': 53.3905974, 'lon': -2.8994072}, {'name': 'Ryde', 'lat': 53.3934347, 'lon': -2.9781396}, {'name': 'The Egg Cafe', 'lat': 53.4039324, 'lon': -2.9775443}] [main.py:33]
2026-05-19 14:56:51,021 - INFO - Data ingestion pipeline completed successfully. [main.py:34]
2026-05-19 14:56:51,021 - INFO - Starting feature engineering [main.py:44]
2026-05-19 14:56:51,025 - INFO - H3 assignment completed successfully. 186 records with H3 cells assigned. [main.py:47]
2026-05-19 14:56:51,030 - INFO - Feature building completed successfully. 186 records with features built. [main.py:49]
2026-05-19 14:56:51,056 - INFO - Hex feature aggregation completed successfully. 186 hex-level records created. [main.py:51]
2026-05-19 14:56:51,058 - INFO - Sample of engineered features:
None [main.py:53]
2026-05-19 14:56:51,058 - INFO - Feature engineering completed successfully. [main.py:54]
2026-05-19 15:15:35,460 - INFO - Starting data ingestion [main.py:20]
2026-05-19 15:15:45,785 - INFO - Data ingestion completed successfully. Fetched 198 records. [main.py:23]
2026-05-19 15:15:45,785 - INFO - Feature extraction completed. Extracted 186 valid records [main.py:26]
2026-05-19 15:15:45,786 - INFO - Duplicate removal completed. 186 unique records remain. [main.py:29]
2026-05-19 15:15:45,787 - INFO - [{'name': "Zara's Hub", 'lat': 53.3944049, 'lon': -2.890362}, {'name': 'Simply Coffee', 'lat': 53.3944566, 'lon': -2.8922661}, {'name': 'Neighbourhood', 'lat': 53.3905974, 'lon': -2.8994072}, {'name': 'Ryde', 'lat': 53.3934347, 'lon': -2.9781396}, {'name': 'The Egg Cafe', 'lat': 53.4039324, 'lon': -2.9775443}] [main.py:33]
2026-05-19 15:15:45,788 - INFO - Data ingestion pipeline completed successfully. [main.py:34]
2026-05-19 15:15:45,788 - INFO - Starting feature engineering [main.py:44]
2026-05-19 15:15:45,792 - INFO - H3 assignment completed successfully. 186 records with H3 cells assigned. [main.py:47]
2026-05-19 15:15:45,798 - INFO - Feature building completed successfully. 186 records with features built. [main.py:49]
2026-05-19 15:15:45,826 - INFO - Hex feature aggregation completed successfully. 186 hex-level records created. [main.py:51]
2026-05-19 15:15:45,827 - INFO - Sample of engineered features:
None [main.py:53]
2026-05-19 15:15:45,827 - INFO - Feature engineering completed successfully. [main.py:54]
